2018-05-14T14:25:50+00:00 CRITICAL Uncaught Error: Call to a member function get_option() on null in C:\xampp\htdocs\hatoccho\wp-content\themes\handystore\inc\pt-vendors-modification.php:45
Stack trace:
#0 C:\xampp\htdocs\hatoccho\wp-content\themes\handystore\functions.php(296): require_once()
#1 C:\xampp\htdocs\hatoccho\wp-settings.php(426): include('C:\\xampp\\htdocs...')
#2 C:\xampp\htdocs\hatoccho\wp-config.php(89): require_once('C:\\xampp\\htdocs...')
#3 C:\xampp\htdocs\hatoccho\wp-load.php(37): require_once('C:\\xampp\\htdocs...')
#4 C:\xampp\htdocs\hatoccho\wp-admin\admin.php(31): require_once('C:\\xampp\\htdocs...')
#5 C:\xampp\htdocs\hatoccho\wp-admin\plugins.php(10): require_once('C:\\xampp\\htdocs...')
#6 {main}
  thrown

2018-05-14T14:25:57+00:00 CRITICAL Uncaught Error: Call to a member function get_option() on null in C:\xampp\htdocs\hatoccho\wp-content\themes\handystore\inc\pt-vendors-modification.php:45
Stack trace:
#0 C:\xampp\htdocs\hatoccho\wp-content\themes\handystore\functions.php(296): require_once()
#1 C:\xampp\htdocs\hatoccho\wp-settings.php(426): include('C:\\xampp\\htdocs...')
#2 C:\xampp\htdocs\hatoccho\wp-config.php(89): require_once('C:\\xampp\\htdocs...')
#3 C:\xampp\htdocs\hatoccho\wp-load.php(37): require_once('C:\\xampp\\htdocs...')
#4 C:\xampp\htdocs\hatoccho\wp-admin\admin.php(31): require_once('C:\\xampp\\htdocs...')
#5 C:\xampp\htdocs\hatoccho\wp-admin\plugins.php(10): require_once('C:\\xampp\\htdocs...')
#6 {main}
  thrown

2018-05-14T14:26:04+00:00 CRITICAL Uncaught Error: Call to a member function get_option() on null in C:\xampp\htdocs\hatoccho\wp-content\themes\handystore\inc\pt-vendors-modification.php:45
Stack trace:
#0 C:\xampp\htdocs\hatoccho\wp-content\themes\handystore\functions.php(296): require_once()
#1 C:\xampp\htdocs\hatoccho\wp-settings.php(426): include('C:\\xampp\\htdocs...')
#2 C:\xampp\htdocs\hatoccho\wp-config.php(89): require_once('C:\\xampp\\htdocs...')
#3 C:\xampp\htdocs\hatoccho\wp-load.php(37): require_once('C:\\xampp\\htdocs...')
#4 C:\xampp\htdocs\hatoccho\wp-admin\admin.php(31): require_once('C:\\xampp\\htdocs...')
#5 C:\xampp\htdocs\hatoccho\wp-admin\index.php(10): require_once('C:\\xampp\\htdocs...')
#6 {main}
  thrown

2018-05-14T14:37:54+00:00 CRITICAL Uncaught Error: Call to a member function get_option() on null in C:\xampp\htdocs\hatoccho\wp-content\themes\handystore\inc\pt-vendors-modification.php:45
Stack trace:
#0 C:\xampp\htdocs\hatoccho\wp-content\themes\handystore\functions.php(296): require_once()
#1 C:\xampp\htdocs\hatoccho\wp-settings.php(426): include('C:\\xampp\\htdocs...')
#2 C:\xampp\htdocs\hatoccho\wp-config.php(89): require_once('C:\\xampp\\htdocs...')
#3 C:\xampp\htdocs\hatoccho\wp-load.php(37): require_once('C:\\xampp\\htdocs...')
#4 C:\xampp\htdocs\hatoccho\wp-admin\admin.php(31): require_once('C:\\xampp\\htdocs...')
#5 {main}
  thrown

2018-05-14T14:38:10+00:00 CRITICAL Uncaught Error: Call to a member function get_option() on null in C:\xampp\htdocs\hatoccho\wp-content\themes\handystore\inc\pt-vendors-modification.php:45
Stack trace:
#0 C:\xampp\htdocs\hatoccho\wp-content\themes\handystore\functions.php(296): require_once()
#1 C:\xampp\htdocs\hatoccho\wp-settings.php(426): include('C:\\xampp\\htdocs...')
#2 C:\xampp\htdocs\hatoccho\wp-config.php(89): require_once('C:\\xampp\\htdocs...')
#3 C:\xampp\htdocs\hatoccho\wp-load.php(37): require_once('C:\\xampp\\htdocs...')
#4 C:\xampp\htdocs\hatoccho\wp-admin\admin.php(31): require_once('C:\\xampp\\htdocs...')
#5 C:\xampp\htdocs\hatoccho\wp-admin\plugins.php(10): require_once('C:\\xampp\\htdocs...')
#6 {main}
  thrown

2018-05-14T14:38:36+00:00 CRITICAL Uncaught Error: Call to a member function get_option() on null in C:\xampp\htdocs\hatoccho\wp-content\themes\handystore\inc\pt-vendors-modification.php:45
Stack trace:
#0 C:\xampp\htdocs\hatoccho\wp-content\themes\handystore\functions.php(296): require_once()
#1 C:\xampp\htdocs\hatoccho\wp-settings.php(426): include('C:\\xampp\\htdocs...')
#2 C:\xampp\htdocs\hatoccho\wp-config.php(89): require_once('C:\\xampp\\htdocs...')
#3 C:\xampp\htdocs\hatoccho\wp-load.php(37): require_once('C:\\xampp\\htdocs...')
#4 C:\xampp\htdocs\hatoccho\wp-admin\admin.php(31): require_once('C:\\xampp\\htdocs...')
#5 C:\xampp\htdocs\hatoccho\wp-admin\plugins.php(10): require_once('C:\\xampp\\htdocs...')
#6 {main}
  thrown

2018-05-15T00:48:27+00:00 CRITICAL Uncaught Error: Call to a member function get_option() on null in C:\xampp\htdocs\hatoccho\wp-content\themes\handystore\inc\pt-vendors-modification.php:45
Stack trace:
#0 C:\xampp\htdocs\hatoccho\wp-content\themes\handystore\functions.php(296): require_once()
#1 C:\xampp\htdocs\hatoccho\wp-settings.php(426): include('C:\\xampp\\htdocs...')
#2 C:\xampp\htdocs\hatoccho\wp-config.php(89): require_once('C:\\xampp\\htdocs...')
#3 C:\xampp\htdocs\hatoccho\wp-load.php(37): require_once('C:\\xampp\\htdocs...')
#4 C:\xampp\htdocs\hatoccho\wp-admin\admin.php(31): require_once('C:\\xampp\\htdocs...')
#5 C:\xampp\htdocs\hatoccho\wp-admin\plugins.php(10): require_once('C:\\xampp\\htdocs...')
#6 {main}
  thrown

2018-05-15T01:30:49+00:00 CRITICAL Uncaught Error: Call to a member function get_option() on null in C:\xampp\htdocs\hatoccho\wp-content\themes\handystore\inc\pt-vendors-modification.php:45
Stack trace:
#0 C:\xampp\htdocs\hatoccho\wp-content\themes\handystore\functions.php(296): require_once()
#1 C:\xampp\htdocs\hatoccho\wp-settings.php(426): include('C:\\xampp\\htdocs...')
#2 C:\xampp\htdocs\hatoccho\wp-config.php(89): require_once('C:\\xampp\\htdocs...')
#3 C:\xampp\htdocs\hatoccho\wp-load.php(37): require_once('C:\\xampp\\htdocs...')
#4 C:\xampp\htdocs\hatoccho\wp-admin\admin.php(31): require_once('C:\\xampp\\htdocs...')
#5 C:\xampp\htdocs\hatoccho\wp-admin\themes.php(10): require_once('C:\\xampp\\htdocs...')
#6 {main}
  thrown

2018-05-15T02:33:30+00:00 CRITICAL Maximum execution time of 300 seconds exceeded

2018-05-15T07:53:46+00:00 CRITICAL Uncaught Error: Call to a member function get_option() on null in C:\xampp\htdocs\hatoccho\wp-content\themes\handystore\inc\pt-vendors-modification.php:144
Stack trace:
#0 C:\xampp\htdocs\hatoccho\wp-includes\class-wp-hook.php(288): pt_sold_by_meta_custom_message('Sold By')
#1 C:\xampp\htdocs\hatoccho\wp-includes\plugin.php(203): WP_Hook->apply_filters('Sold By', Array)
#2 C:\xampp\htdocs\hatoccho\wp-content\plugins\wc-vendors\classes\front\class-vendor-cart.php(67): apply_filters('wcvendors_cart_...', 'Sold By', 3622, 1)
#3 C:\xampp\htdocs\hatoccho\wp-includes\class-wp-hook.php(286): WCV_Vendor_Cart::sold_by_meta('')
#4 C:\xampp\htdocs\hatoccho\wp-includes\class-wp-hook.php(310): WP_Hook->apply_filters(NULL, Array)
#5 C:\xampp\htdocs\hatoccho\wp-includes\plugin.php(453): WP_Hook->do_action(Array)
#6 C:\xampp\htdocs\hatoccho\wp-content\plugins\woocommerce\templates\single-product\meta.php(27): do_action('woocommerce_pro...')
#7 C:\xampp\htdocs\hatoccho\wp-content\plugins\woocommerce\includes\wc-core-functions

2018-05-15T08:51:07+00:00 CRITICAL Uncaught Exception: Sản phẩm không hợp lệ. in C:\xampp\htdocs\hatoccho\wp-content\plugins\woocommerce\includes\data-stores\class-wc-product-data-store-cpt.php:149
Stack trace:
#0 C:\xampp\htdocs\hatoccho\wp-content\plugins\woocommerce\includes\class-wc-data-store.php(149): WC_Product_Data_Store_CPT->read(Object(WC_Product))
#1 C:\xampp\htdocs\hatoccho\wp-content\plugins\woocommerce\includes\abstracts\abstract-wc-product.php(135): WC_Data_Store->read(Object(WC_Product))
#2 C:\xampp\htdocs\hatoccho\wp-content\plugins\handy-feature-pack\includes\shortcodes\sale-carousel.php(123): WC_Product->__construct('19')
#3 C:\xampp\htdocs\hatoccho\wp-content\plugins\js_composer\include\classes\shortcodes\shortcodes.php(565): WPBakeryShortCode_handy_sale_carousel->content(Array, '')
#4 C:\xampp\htdocs\hatoccho\wp-content\plugins\js_composer\include\helpers\helpers.php(1304): WPBakeryShortCode->output(Array, '')
#5 C:\xampp\htdocs\hatoccho\wp-includes\shortcodes.php(319): vc_do_shortcode(Array, '', 'handy_sale_caro.

2018-05-15T08:52:36+00:00 CRITICAL Uncaught Error: Call to a member function get_option() on null in C:\xampp\htdocs\hatoccho\wp-content\themes\handystore\inc\pt-vendors-modification.php:144
Stack trace:
#0 C:\xampp\htdocs\hatoccho\wp-includes\class-wp-hook.php(288): pt_sold_by_meta_custom_message('Sold By')
#1 C:\xampp\htdocs\hatoccho\wp-includes\plugin.php(203): WP_Hook->apply_filters('Sold By', Array)
#2 C:\xampp\htdocs\hatoccho\wp-content\plugins\wc-vendors\classes\front\class-vendor-cart.php(67): apply_filters('wcvendors_cart_...', 'Sold By', 3622, 1)
#3 C:\xampp\htdocs\hatoccho\wp-includes\class-wp-hook.php(286): WCV_Vendor_Cart::sold_by_meta('')
#4 C:\xampp\htdocs\hatoccho\wp-includes\class-wp-hook.php(310): WP_Hook->apply_filters(NULL, Array)
#5 C:\xampp\htdocs\hatoccho\wp-includes\plugin.php(453): WP_Hook->do_action(Array)
#6 C:\xampp\htdocs\hatoccho\wp-content\plugins\woocommerce\templates\single-product\meta.php(27): do_action('woocommerce_pro...')
#7 C:\xampp\htdocs\hatoccho\wp-content\plugins\woocommerce\includes\wc-core-functions

